2025-06-03 19:50:27,323 - __main__ - INFO - main: Запуск основного блоку.
2025-06-03 19:50:27,324 - __main__ - INFO - main: Початок виконання main.
2025-06-03 19:50:27,324 - __main__ - CRITICAL - main: BOT_TOKEN не встановлено. Будь ласка, вкажіть токен.
2025-06-03 19:50:27,324 - __main__ - INFO - main: Скрипт завершив роботу.
2025-06-03 19:51:53,248 - __main__ - INFO - main: Запуск основного блоку.
2025-06-03 19:51:53,249 - __main__ - INFO - main: Початок виконання main.
2025-06-03 19:51:53,249 - __main__ - INFO - main: Ініціалізація об'єкта Bot.
2025-06-03 19:51:53,272 - __main__ - INFO - main: Ініціалізація об'єкта Dispatcher.
2025-06-03 19:51:53,273 - __main__ - INFO - main: Перед викликом dp.start_polling. Бот чекає на оновлення...
2025-06-03 19:51:53,274 - __main__ - CRITICAL - main: Критична помилка під час polling: main.<locals>.<lambda>() missing 1 required positional argument: '_'
Traceback (most recent call last):
  File "/home/kondiki/Refridex/main.py", line 52, in main
    await dp.start_polling(bot)
  File "/home/kondiki/Refridex/venv/lib/python3.12/site-packages/aiogram/dispatcher/dispatcher.py", line 565, in start_polling
    await self.emit_startup(bot=bots[-1], **workflow_data)
  File "/home/kondiki/Refridex/venv/lib/python3.12/site-packages/aiogram/dispatcher/router.py", line 260, in emit_startup
    await self.startup.trigger(*args, **kwargs)
  File "/home/kondiki/Refridex/venv/lib/python3.12/site-packages/aiogram/dispatcher/event/event.py", line 42, in trigger
    await handler.call(*args, **kwargs)
  File "/home/kondiki/Refridex/venv/lib/python3.12/site-packages/aiogram/dispatcher/event/handler.py", line 44, in call
    return await asyncio.to_thread(wrapped)
           ^^^^^^^^^^^^^^^^^^^^^^^^^^^^^^^^
  File "/usr/lib/python3.12/asyncio/threads.py", line 25, in to_thread
    return await loop.run_in_executor(None, func_call)
           ^^^^^^^^^^^^^^^^^^^^^^^^^^^^^^^^^^^^^^^^^^^
  File "/usr/lib/python3.12/concurrent/futures/thread.py", line 58, in run
    result = self.fn(*self.args, **self.kwargs)
             ^^^^^^^^^^^^^^^^^^^^^^^^^^^^^^^^^^
TypeError: main.<locals>.<lambda>() missing 1 required positional argument: '_'
2025-06-03 19:51:53,276 - __main__ - INFO - main: dp.start_polling завершив роботу.
2025-06-03 19:51:53,278 - __main__ - INFO - main: Скрипт завершив роботу.
2025-06-03 19:53:46,155 - __main__ - INFO - main: Запуск основного блоку.
2025-06-03 19:53:46,156 - __main__ - INFO - main: Початок виконання main.
2025-06-03 19:53:46,156 - __main__ - INFO - main: Ініціалізація об'єкта Bot.
2025-06-03 19:53:46,177 - __main__ - INFO - main: Ініціалізація об'єкта Dispatcher.
2025-06-03 19:53:46,179 - __main__ - INFO - main: Перед викликом dp.start_polling. Бот чекає на оновлення...
2025-06-03 19:53:46,179 - __main__ - INFO - on_startup: Бот запускається. Готуємося до роботи...
2025-06-03 19:53:46,179 - aiogram.dispatcher - INFO - Start polling
2025-06-03 19:53:46,455 - aiogram.dispatcher - INFO - Run polling for bot @Refridex_bot id=8157903938 - 'Refridex'
2025-06-03 21:19:35,336 - aiogram.dispatcher - WARNING - Received SIGINT signal
2025-06-03 21:19:35,337 - aiogram.dispatcher - INFO - Polling stopped for bot @Refridex_bot id=8157903938 - 'Refridex'
2025-06-03 21:19:35,338 - aiogram.dispatcher - INFO - Polling stopped
2025-06-03 21:19:35,338 - __main__ - INFO - on_shutdown: Бот зупиняється. Завершуємо роботу...
2025-06-03 21:19:35,589 - __main__ - INFO - main: dp.start_polling завершив роботу.
2025-06-03 21:19:35,591 - __main__ - INFO - main: Скрипт завершив роботу.
